0 info it worked if it ends with ok
1 verbose cli [ 'F:\\SOFTWARES\\nodejs\\node.exe',
1 verbose cli   'F:\\SOFTWARES\\nodejs\\node_modules\\npm\\bin\\npm-cli.js',
1 verbose cli   'test',
1 verbose cli   '--',
1 verbose cli   '--watchAll' ]
2 info using npm@3.10.10
3 info using node@v6.10.3
4 verbose run-script [ 'pretest', 'test', 'posttest' ]
5 info lifecycle expensify@1.0.0~pretest: expensify@1.0.0
6 silly lifecycle expensify@1.0.0~pretest: no script for pretest, continuing
7 info lifecycle expensify@1.0.0~test: expensify@1.0.0
8 verbose lifecycle expensify@1.0.0~test: unsafe-perm in lifecycle true
9 verbose lifecycle expensify@1.0.0~test: PATH: F:\SOFTWARES\nodejs\node_modules\npm\bin\node-gyp-bin;F:\code\react-course-projects\expensify-app\node_modules\.bin;C:\ProgramData\Oracle\Java\javapath;C:\Program Files (x86)\Rockwell Software\RSCommon;C:\Program Files (x86)\Intel\iCLS Client\;C:\Program Files\Intel\iCLS Client\;%SystemRoot%\system32;%SystemRoot%;%SystemRoot%\System32\Wbem;%SYSTEMROOT%\System32\WindowsPowerShell\v1.0\;C:\Program Files\Hewlett-Packard\SimplePass\;C:\Program Files\Intel\Intel(R) Management Engine Components\DAL;C:\Program Files\Intel\Intel(R) Management Engine Components\IPT;C:\Program Files (x86)\Intel\Intel(R) Management Engine Components\DAL;C:\Program Files (x86)\Intel\Intel(R) Management Engine Components\IPT;C:\Program Files (x86)\Windows Kits\8.1\Windows Performance Toolkit\;F:\SOFTWARES\nodejs\;C:\Program Files (x86)\Skype\Phone\;C:\Program Files\TortoiseSVN\bin;C:\Android;C:\Windows\System32;F:\SOFTWARES\New folder\modelsim\modelsim_ase\win32aloem;C:\Users\Deep Singh\AppData\Roaming\npm;F:\SOFTWARES\vscode\Microsoft VS Code\bin
10 verbose lifecycle expensify@1.0.0~test: CWD: F:\code\react-course-projects\expensify-app
11 silly lifecycle expensify@1.0.0~test: Args: [ '/d /s /c', 'jest --config=jest.config.json "--watchAll"' ]
12 verbose stack Error: kill ENOSYS
12 verbose stack     at exports._errnoException (util.js:1018:11)
12 verbose stack     at process.kill (internal/process.js:190:13)
12 verbose stack     at process.listener (F:\SOFTWARES\nodejs\node_modules\npm\node_modules\npmlog\node_modules\gauge\node_modules\signal-exit\index.js:86:15)
12 verbose stack     at emitNone (events.js:91:20)
12 verbose stack     at process.emit (events.js:185:7)
12 verbose stack     at processEmit (F:\SOFTWARES\nodejs\node_modules\npm\node_modules\npmlog\node_modules\gauge\node_modules\signal-exit\index.js:146:32)
12 verbose stack     at processEmit (F:\SOFTWARES\nodejs\node_modules\npm\node_modules\npm-registry-client\node_modules\npmlog\node_modules\gauge\node_modules\signal-exit\index.js:146:32)
12 verbose stack     at Signal.wrap.onsignal (internal/process.js:217:44)
13 verbose cwd F:\code\react-course-projects\expensify-app
14 error Windows_NT 6.3.9600
15 error argv "F:\\SOFTWARES\\nodejs\\node.exe" "F:\\SOFTWARES\\nodejs\\node_modules\\npm\\bin\\npm-cli.js" "test" "--" "--watchAll"
16 error node v6.10.3
17 error npm  v3.10.10
18 error code ENOSYS
19 error errno ENOSYS
20 error syscall kill
21 error kill ENOSYS
22 error If you need help, you may report this error at:
22 error     <https://github.com/npm/npm/issues>
23 verbose exit [ 1, true ]
